<?xml version="1.0" encoding="UTF-8"?>
<!-- Generated by org.testng.reporters.JUnitReportReporter -->
<testsuite hostname="Sandesh_Laptop" failures="0" tests="20" name="com.TSBS.Sportsoft.NewTest" time="40.352" errors="1" timestamp="2024-03-31T21:42:24 IST" skipped="19">
  <testcase classname="com.TSBS.Sportsoft.NewTest" name="beforeTest" time="40.351">
    <error message="unknown error: net::ERR_CONNECTION_REFUSED
  (Session info: chrome=109.0.5414.129)
Build info: version: &#039;4.19.0&#039;, revision: &#039;5f9cec8963&#039;
System info: os.name: &#039;Windows 8.1&#039;, os.arch: &#039;amd64&#039;, os.version: &#039;6.3&#039;, java.version: &#039;13.0.2&#039;
Driver info: org.openqa.selenium.chrome.ChromeDriver
Command: [686e7cbeb7f6dc0fdb5d0da9c9272b0b, get {url=http://localhost:4200/}]
Capabilities {acceptInsecureCerts: false, browserName: chrome, browserVersion: 109.0.5414.129, chrome: {chromedriverVersion: 109.0.5414.74 (e7c5703604da..., userDataDir: C:\Users\SANDES~1\AppData\L...}, goog:chromeOptions: {debuggerAddress: localhost:55246}, networkConnectionEnabled: false, pageLoadStrategy: normal, platformName: windows, proxy: Proxy(), se:cdp: ws://localhost:55246/devtoo..., se:cdpVersion: 109.0.5414.129, setWindowRect: true, strictFileInteractability: false, timeouts: {implicit: 0, pageLoad: 300000, script: 30000}, unhandledPromptBehavior: dismiss and notify, webauthn:extension:credBlob: true, webauthn:extension:largeBlob: true, webauthn:virtualAuthenticators: true}
Session ID: 686e7cbeb7f6dc0fdb5d0da9c9272b0b" type="org.openqa.selenium.WebDriverException">
      <![CDATA[org.openqa.selenium.WebDriverException: unknown error: net::ERR_CONNECTION_REFUSED
  (Session info: chrome=109.0.5414.129)
Build info: version: '4.19.0', revision: '5f9cec8963'
System info: os.name: 'Windows 8.1', os.arch: 'amd64', os.version: '6.3', java.version: '13.0.2'
Driver info: org.openqa.selenium.chrome.ChromeDriver
Command: [686e7cbeb7f6dc0fdb5d0da9c9272b0b, get {url=http://localhost:4200/}]
Capabilities {acceptInsecureCerts: false, browserName: chrome, browserVersion: 109.0.5414.129, chrome: {chromedriverVersion: 109.0.5414.74 (e7c5703604da..., userDataDir: C:\Users\SANDES~1\AppData\L...}, goog:chromeOptions: {debuggerAddress: localhost:55246}, networkConnectionEnabled: false, pageLoadStrategy: normal, platformName: windows, proxy: Proxy(), se:cdp: ws://localhost:55246/devtoo..., se:cdpVersion: 109.0.5414.129, setWindowRect: true, strictFileInteractability: false, timeouts: {implicit: 0, pageLoad: 300000, script: 30000}, unhandledPromptBehavior: dismiss and notify, webauthn:extension:credBlob: true, webauthn:extension:largeBlob: true, webauthn:virtualAuthenticators: true}
Session ID: 686e7cbeb7f6dc0fdb5d0da9c9272b0b
at java.base/jdk.internal.reflect.NativeConstructorAccessorImpl.newInstance0(Native Method)
at java.base/jdk.internal.reflect.NativeConstructorAccessorImpl.newInstance(NativeConstructorAccessorImpl.java:62)
at java.base/jdk.internal.reflect.DelegatingConstructorAccessorImpl.newInstance(DelegatingConstructorAccessorImpl.java:45)
at java.base/java.lang.reflect.Constructor.newInstanceWithCaller(Constructor.java:500)
at java.base/java.lang.reflect.Constructor.newInstance(Constructor.java:481)
at org.openqa.selenium.remote.ErrorCodec.decode(ErrorCodec.java:167)
at org.openqa.selenium.remote.codec.w3c.W3CHttpResponseCodec.decode(W3CHttpResponseCodec.java:138)
at org.openqa.selenium.remote.codec.w3c.W3CHttpResponseCodec.decode(W3CHttpResponseCodec.java:50)
at org.openqa.selenium.remote.HttpCommandExecutor.execute(HttpCommandExecutor.java:190)
at org.openqa.selenium.remote.service.DriverCommandExecutor.invokeExecute(DriverCommandExecutor.java:216)
at org.openqa.selenium.remote.service.DriverCommandExecutor.execute(DriverCommandExecutor.java:174)
at org.openqa.selenium.remote.RemoteWebDriver.execute(RemoteWebDriver.java:518)
at org.openqa.selenium.remote.RemoteWebDriver.get(RemoteWebDriver.java:300)
at com.TSBS.Sportsoft.Home.Login(Home.java:23)
at com.TSBS.Sportsoft.NewTest.beforeTest(NewTest.java:21)
at java.base/jdk.internal.reflect.NativeMethodAccessorImpl.invoke0(Native Method)
at java.base/jdk.internal.reflect.NativeMethodAccessorImpl.invoke(NativeMethodAccessorImpl.java:62)
at java.base/jdk.internal.reflect.DelegatingMethodAccessorImpl.invoke(DelegatingMethodAccessorImpl.java:43)
at java.base/java.lang.reflect.Method.invoke(Method.java:567)
at org.testng.internal.MethodInvocationHelper.invokeMethod(MethodInvocationHelper.java:135)
at org.testng.internal.MethodInvocationHelper.invokeMethodConsideringTimeout(MethodInvocationHelper.java:64)
at org.testng.internal.ConfigInvoker.invokeConfigurationMethod(ConfigInvoker.java:364)
at org.testng.internal.ConfigInvoker.invokeConfigurations(ConfigInvoker.java:318)
at org.testng.TestRunner.invokeTestConfigurations(TestRunner.java:620)
at org.testng.TestRunner.beforeRun(TestRunner.java:610)
at org.testng.TestRunner.run(TestRunner.java:581)
at org.testng.SuiteRunner.runTest(SuiteRunner.java:384)
at org.testng.SuiteRunner.runSequentially(SuiteRunner.java:378)
at org.testng.SuiteRunner.privateRun(SuiteRunner.java:337)
at org.testng.SuiteRunner.run(SuiteRunner.java:286)
at org.testng.SuiteRunnerWorker.runSuite(SuiteRunnerWorker.java:53)
at org.testng.SuiteRunnerWorker.run(SuiteRunnerWorker.java:96)
at org.testng.TestNG.runSuitesSequentially(TestNG.java:1214)
at org.testng.TestNG.runSuitesLocally(TestNG.java:1136)
at org.testng.TestNG.runSuites(TestNG.java:1066)
at org.testng.TestNG.run(TestNG.java:1034)
at org.testng.remote.AbstractRemoteTestNG.run(AbstractRemoteTestNG.java:115)
at org.testng.remote.RemoteTestNG.initAndRun(RemoteTestNG.java:251)
at org.testng.remote.RemoteTestNG.main(RemoteTestNG.java:77)
]]>
    </error>
  </testcase> <!-- beforeTest -->
  <system-out/>
  <testcase classname="com.TSBS.Sportsoft.NewTest" name="Landing_Page" time="0.000">
    <skipped/>
  </testcase> <!-- Landing_Page -->
  <system-out/>
  <testcase classname="com.TSBS.Sportsoft.NewTest" name="Verify_Menubar" time="0.000">
    <skipped/>
  </testcase> <!-- Verify_Menubar -->
  <system-out/>
  <testcase classname="com.TSBS.Sportsoft.NewTest" name="Verify_Menubar1" time="0.000">
    <skipped/>
  </testcase> <!-- Verify_Menubar1 -->
  <system-out/>
  <testcase classname="com.TSBS.Sportsoft.NewTest" name="Verify_Menubar2" time="0.000">
    <skipped/>
  </testcase> <!-- Verify_Menubar2 -->
  <system-out/>
  <testcase classname="com.TSBS.Sportsoft.NewTest" name="Verify_Drawer" time="0.000">
    <skipped/>
  </testcase> <!-- Verify_Drawer -->
  <system-out/>
  <testcase classname="com.TSBS.Sportsoft.NewTest" name="Verify_Drawer1" time="0.000">
    <skipped/>
  </testcase> <!-- Verify_Drawer1 -->
  <system-out/>
  <testcase classname="com.TSBS.Sportsoft.NewTest" name="Verify_Drawer2" time="0.000">
    <skipped/>
  </testcase> <!-- Verify_Drawer2 -->
  <system-out/>
  <testcase classname="com.TSBS.Sportsoft.NewTest" name="Verify_Drawer3" time="0.000">
    <skipped/>
  </testcase> <!-- Verify_Drawer3 -->
  <system-out/>
  <testcase classname="com.TSBS.Sportsoft.NewTest" name="Verify_Drawer4" time="0.000">
    <skipped/>
  </testcase> <!-- Verify_Drawer4 -->
  <system-out/>
  <testcase classname="com.TSBS.Sportsoft.NewTest" name="Verify_Drawer5" time="0.000">
    <skipped/>
  </testcase> <!-- Verify_Drawer5 -->
  <system-out/>
  <testcase classname="com.TSBS.Sportsoft.NewTest" name="Verify_Drawer6" time="0.001">
    <skipped/>
  </testcase> <!-- Verify_Drawer6 -->
  <system-out/>
  <testcase classname="com.TSBS.Sportsoft.NewTest" name="Verify_Drawer7" time="0.000">
    <skipped/>
  </testcase> <!-- Verify_Drawer7 -->
  <system-out/>
  <testcase classname="com.TSBS.Sportsoft.NewTest" name="Verify_Drawer8" time="0.000">
    <skipped/>
  </testcase> <!-- Verify_Drawer8 -->
  <system-out/>
  <testcase classname="com.TSBS.Sportsoft.NewTest" name="Verify_Drawer9" time="0.000">
    <skipped/>
  </testcase> <!-- Verify_Drawer9 -->
  <system-out/>
  <testcase classname="com.TSBS.Sportsoft.NewTest" name="Verify_Drawer10" time="0.000">
    <skipped/>
  </testcase> <!-- Verify_Drawer10 -->
  <system-out/>
  <testcase classname="com.TSBS.Sportsoft.NewTest" name="Verify_Drawer11" time="0.000">
    <skipped/>
  </testcase> <!-- Verify_Drawer11 -->
  <system-out/>
  <testcase classname="com.TSBS.Sportsoft.NewTest" name="Verify_Drawer12" time="0.000">
    <skipped/>
  </testcase> <!-- Verify_Drawer12 -->
  <system-out/>
  <testcase classname="com.TSBS.Sportsoft.NewTest" name="Verify_Footer" time="0.000">
    <skipped/>
  </testcase> <!-- Verify_Footer -->
  <system-out/>
  <testcase classname="com.TSBS.Sportsoft.NewTest" name="Verify_Footer1" time="0.000">
    <skipped/>
  </testcase> <!-- Verify_Footer1 -->
  <system-out/>
</testsuite> <!-- com.TSBS.Sportsoft.NewTest -->
